2022-06-21 00:00:00,941 INFO com.reimburse.rms.aop.LoggingAspect [http-nio-7474-exec-7] Entering UserController.com.reimburse.rms.controller.UserController
2022-06-21 00:00:00,946 INFO com.reimburse.rms.aop.LoggingAspect [http-nio-7474-exec-7] Entering UserServiceImpl.com.reimburse.rms.service.UserServiceImpl
2022-06-21 00:00:00,946 INFO com.reimburse.rms.aop.LoggingAspect [http-nio-7474-exec-7] Entering UserDao.com.reimburse.rms.dao.UserDao
2022-06-21 00:00:00,950 INFO com.reimburse.rms.aop.LoggingAspect [http-nio-7474-exec-7] Exiting UserDao.com.reimburse.rms.dao.UserDao
2022-06-21 00:00:00,950 INFO com.reimburse.rms.aop.LoggingAspect [http-nio-7474-exec-7] Exiting UserServiceImpl.com.reimburse.rms.service.UserServiceImpl
2022-06-21 00:00:00,950 INFO com.reimburse.rms.aop.LoggingAspect [http-nio-7474-exec-7] Exiting UserController.com.reimburse.rms.controller.UserController
2022-06-21 00:00:00,978 INFO com.reimburse.rms.aop.LoggingAspect [http-nio-7474-exec-8] Entering RequestController.com.reimburse.rms.controller.RequestController
2022-06-21 00:00:00,978 INFO com.reimburse.rms.aop.LoggingAspect [http-nio-7474-exec-8] Entering RequestServiceImpl.com.reimburse.rms.service.RequestServiceImpl
2022-06-21 00:00:00,995 INFO com.reimburse.rms.aop.LoggingAspect [http-nio-7474-exec-8] Exiting RequestServiceImpl.com.reimburse.rms.service.RequestServiceImpl
2022-06-21 00:00:00,995 INFO com.reimburse.rms.aop.LoggingAspect [http-nio-7474-exec-8] Exiting RequestController.com.reimburse.rms.controller.RequestController
2022-06-21 00:01:29,199 INFO com.reimburse.rms.aop.LoggingAspect [http-nio-7474-exec-2] Entering RequestController.com.reimburse.rms.controller.RequestController
2022-06-21 00:01:29,200 INFO com.reimburse.rms.aop.LoggingAspect [http-nio-7474-exec-2] Entering RequestServiceImpl.com.reimburse.rms.service.RequestServiceImpl
2022-06-21 00:01:29,201 INFO com.reimburse.rms.aop.LoggingAspect [http-nio-7474-exec-2] Entering CrudRepository.org.springframework.data.repository.CrudRepository
2022-06-21 00:01:29,207 INFO com.reimburse.rms.aop.LoggingAspect [http-nio-7474-exec-2] Exiting CrudRepository.org.springframework.data.repository.CrudRepository
2022-06-21 00:01:29,207 INFO com.reimburse.rms.aop.LoggingAspect [http-nio-7474-exec-2] Exiting RequestServiceImpl.com.reimburse.rms.service.RequestServiceImpl
2022-06-21 00:01:29,207 INFO com.reimburse.rms.aop.LoggingAspect [http-nio-7474-exec-2] Exiting RequestController.com.reimburse.rms.controller.RequestController
2022-06-21 00:01:29,216 INFO com.reimburse.rms.aop.LoggingAspect [http-nio-7474-exec-3] Entering RequestController.com.reimburse.rms.controller.RequestController
2022-06-21 00:01:29,217 INFO com.reimburse.rms.aop.LoggingAspect [http-nio-7474-exec-3] Entering RequestServiceImpl.com.reimburse.rms.service.RequestServiceImpl
2022-06-21 00:01:29,220 INFO com.reimburse.rms.aop.LoggingAspect [http-nio-7474-exec-3] Exiting RequestServiceImpl.com.reimburse.rms.service.RequestServiceImpl
2022-06-21 00:01:29,221 INFO com.reimburse.rms.aop.LoggingAspect [http-nio-7474-exec-3] Exiting RequestController.com.reimburse.rms.controller.RequestController
2022-06-21 00:01:50,555 INFO com.reimburse.rms.aop.LoggingAspect [http-nio-7474-exec-4] Entering UserController.com.reimburse.rms.controller.UserController
2022-06-21 00:01:50,556 INFO com.reimburse.rms.aop.LoggingAspect [http-nio-7474-exec-4] Entering UserServiceImpl.com.reimburse.rms.service.UserServiceImpl
2022-06-21 00:01:50,560 INFO com.reimburse.rms.aop.LoggingAspect [http-nio-7474-exec-4] Exiting UserServiceImpl.com.reimburse.rms.service.UserServiceImpl
2022-06-21 00:01:50,560 INFO com.reimburse.rms.aop.LoggingAspect [http-nio-7474-exec-4] Exiting UserController.com.reimburse.rms.controller.UserController
2022-06-21 00:01:54,871 INFO com.reimburse.rms.aop.LoggingAspect [http-nio-7474-exec-5] Entering RequestController.com.reimburse.rms.controller.RequestController
2022-06-21 00:01:54,871 INFO com.reimburse.rms.aop.LoggingAspect [http-nio-7474-exec-5] Entering RequestServiceImpl.com.reimburse.rms.service.RequestServiceImpl
2022-06-21 00:01:54,871 INFO com.reimburse.rms.aop.LoggingAspect [http-nio-7474-exec-5] Entering RequestDao.com.reimburse.rms.dao.RequestDao
2022-06-21 00:01:54,873 INFO com.reimburse.rms.aop.LoggingAspect [http-nio-7474-exec-5] Exiting RequestDao.com.reimburse.rms.dao.RequestDao
2022-06-21 00:01:54,873 INFO com.reimburse.rms.aop.LoggingAspect [http-nio-7474-exec-5] Exiting RequestServiceImpl.com.reimburse.rms.service.RequestServiceImpl
2022-06-21 00:01:54,873 INFO com.reimburse.rms.aop.LoggingAspect [http-nio-7474-exec-5] Exiting RequestController.com.reimburse.rms.controller.RequestController
2022-06-21 00:01:57,138 INFO com.reimburse.rms.aop.LoggingAspect [http-nio-7474-exec-6] Entering UserController.com.reimburse.rms.controller.UserController
2022-06-21 00:01:57,138 INFO com.reimburse.rms.aop.LoggingAspect [http-nio-7474-exec-6] Entering UserServiceImpl.com.reimburse.rms.service.UserServiceImpl
2022-06-21 00:01:57,141 INFO com.reimburse.rms.aop.LoggingAspect [http-nio-7474-exec-6] Exiting UserServiceImpl.com.reimburse.rms.service.UserServiceImpl
2022-06-21 00:01:57,142 INFO com.reimburse.rms.aop.LoggingAspect [http-nio-7474-exec-6] Exiting UserController.com.reimburse.rms.controller.UserController
2022-06-21 00:01:58,700 INFO com.reimburse.rms.aop.LoggingAspect [http-nio-7474-exec-7] Entering RequestController.com.reimburse.rms.controller.RequestController
2022-06-21 00:01:58,700 INFO com.reimburse.rms.aop.LoggingAspect [http-nio-7474-exec-7] Entering RequestServiceImpl.com.reimburse.rms.service.RequestServiceImpl
2022-06-21 00:01:58,701 INFO com.reimburse.rms.aop.LoggingAspect [http-nio-7474-exec-7] Entering RequestDao.com.reimburse.rms.dao.RequestDao
2022-06-21 00:01:58,702 INFO com.reimburse.rms.aop.LoggingAspect [http-nio-7474-exec-7] Exiting RequestDao.com.reimburse.rms.dao.RequestDao
2022-06-21 00:01:58,702 INFO com.reimburse.rms.aop.LoggingAspect [http-nio-7474-exec-7] Exiting RequestServiceImpl.com.reimburse.rms.service.RequestServiceImpl
2022-06-21 00:01:58,703 INFO com.reimburse.rms.aop.LoggingAspect [http-nio-7474-exec-7] Exiting RequestController.com.reimburse.rms.controller.RequestController
2022-06-21 00:02:06,826 INFO com.reimburse.rms.aop.LoggingAspect [http-nio-7474-exec-9] Entering RequestController.com.reimburse.rms.controller.RequestController
2022-06-21 00:02:06,826 INFO com.reimburse.rms.aop.LoggingAspect [http-nio-7474-exec-9] Entering RequestServiceImpl.com.reimburse.rms.service.RequestServiceImpl
2022-06-21 00:02:06,826 INFO com.reimburse.rms.aop.LoggingAspect [http-nio-7474-exec-9] Entering CrudRepository.org.springframework.data.repository.CrudRepository
2022-06-21 00:02:06,832 INFO com.reimburse.rms.aop.LoggingAspect [http-nio-7474-exec-9] Exiting CrudRepository.org.springframework.data.repository.CrudRepository
2022-06-21 00:02:06,832 INFO com.reimburse.rms.aop.LoggingAspect [http-nio-7474-exec-9] Exiting RequestServiceImpl.com.reimburse.rms.service.RequestServiceImpl
2022-06-21 00:02:06,832 INFO com.reimburse.rms.aop.LoggingAspect [http-nio-7474-exec-9] Exiting RequestController.com.reimburse.rms.controller.RequestController
2022-06-21 00:02:06,838 INFO com.reimburse.rms.aop.LoggingAspect [http-nio-7474-exec-10] Entering RequestController.com.reimburse.rms.controller.RequestController
2022-06-21 00:02:06,839 INFO com.reimburse.rms.aop.LoggingAspect [http-nio-7474-exec-10] Entering RequestServiceImpl.com.reimburse.rms.service.RequestServiceImpl
2022-06-21 00:02:06,839 INFO com.reimburse.rms.aop.LoggingAspect [http-nio-7474-exec-10] Entering RequestDao.com.reimburse.rms.dao.RequestDao
2022-06-21 00:02:06,840 INFO com.reimburse.rms.aop.LoggingAspect [http-nio-7474-exec-10] Exiting RequestDao.com.reimburse.rms.dao.RequestDao
2022-06-21 00:02:06,841 INFO com.reimburse.rms.aop.LoggingAspect [http-nio-7474-exec-10] Exiting RequestServiceImpl.com.reimburse.rms.service.RequestServiceImpl
2022-06-21 00:02:06,841 INFO com.reimburse.rms.aop.LoggingAspect [http-nio-7474-exec-10] Exiting RequestController.com.reimburse.rms.controller.RequestController
2022-06-21 00:02:09,742 INFO com.reimburse.rms.aop.LoggingAspect [http-nio-7474-exec-1] Entering UserController.com.reimburse.rms.controller.UserController
2022-06-21 00:02:09,743 INFO com.reimburse.rms.aop.LoggingAspect [http-nio-7474-exec-1] Entering UserServiceImpl.com.reimburse.rms.service.UserServiceImpl
2022-06-21 00:02:09,745 INFO com.reimburse.rms.aop.LoggingAspect [http-nio-7474-exec-1] Exiting UserServiceImpl.com.reimburse.rms.service.UserServiceImpl
2022-06-21 00:02:09,745 INFO com.reimburse.rms.aop.LoggingAspect [http-nio-7474-exec-1] Exiting UserController.com.reimburse.rms.controller.UserController
2022-06-21 00:02:14,871 INFO com.reimburse.rms.aop.LoggingAspect [http-nio-7474-exec-2] Entering RequestController.com.reimburse.rms.controller.RequestController
2022-06-21 00:02:14,872 INFO com.reimburse.rms.aop.LoggingAspect [http-nio-7474-exec-2] Entering RequestServiceImpl.com.reimburse.rms.service.RequestServiceImpl
2022-06-21 00:02:14,875 INFO com.reimburse.rms.aop.LoggingAspect [http-nio-7474-exec-2] Exiting RequestServiceImpl.com.reimburse.rms.service.RequestServiceImpl
2022-06-21 00:02:14,875 INFO com.reimburse.rms.aop.LoggingAspect [http-nio-7474-exec-2] Exiting RequestController.com.reimburse.rms.controller.RequestController
